c:\users\levon\desktop\qsim\quantum_simulator\quantum_simulator\x64\debug\quantum_simulator.ilk
c:\users\levon\desktop\qsim\quantum_simulator\quantum_simulator\x64\debug\main.obj
c:\users\levon\desktop\qsim\quantum_simulator\quantum_simulator\x64\debug\quantum_simulator.obj
c:\users\levon\desktop\qsim\quantum_simulator\quantum_simulator\x64\debug\rational.obj
c:\users\levon\desktop\qsim\quantum_simulator\quantum_simulator\x64\debug\vc143.idb
c:\users\levon\desktop\qsim\quantum_simulator\quantum_simulator\x64\debug\vc143.pdb
c:\users\levon\desktop\qsim\quantum_simulator\x64\debug\quantum_simulator.pdb
c:\users\levon\desktop\qsim\quantum_simulator\quantum_simulator\x64\debug\quantum_.225ee9d4.tlog\cl.command.1.tlog
c:\users\levon\desktop\qsim\quantum_simulator\quantum_simulator\x64\debug\quantum_.225ee9d4.tlog\cl.items.tlog
c:\users\levon\desktop\qsim\quantum_simulator\quantum_simulator\x64\debug\quantum_.225ee9d4.tlog\link-cvtres.read.1.tlog
c:\users\levon\desktop\qsim\quantum_simulator\quantum_simulator\x64\debug\quantum_.225ee9d4.tlog\link-cvtres.write.1.tlog
c:\users\levon\desktop\qsim\quantum_simulator\quantum_simulator\x64\debug\quantum_.225ee9d4.tlog\link-rc.read.1.tlog
c:\users\levon\desktop\qsim\quantum_simulator\quantum_simulator\x64\debug\quantum_.225ee9d4.tlog\link-rc.write.1.tlog
c:\users\levon\desktop\qsim\quantum_simulator\quantum_simulator\x64\debug\quantum_.225ee9d4.tlog\link.16856-cvtres.read.1.tlog
c:\users\levon\desktop\qsim\quantum_simulator\quantum_simulator\x64\debug\quantum_.225ee9d4.tlog\link.16856-cvtres.write.1.tlog
c:\users\levon\desktop\qsim\quantum_simulator\quantum_simulator\x64\debug\quantum_.225ee9d4.tlog\link.16856-rc.read.1.tlog
c:\users\levon\desktop\qsim\quantum_simulator\quantum_simulator\x64\debug\quantum_.225ee9d4.tlog\link.16856-rc.write.1.tlog
c:\users\levon\desktop\qsim\quantum_simulator\quantum_simulator\x64\debug\quantum_.225ee9d4.tlog\link.16856.read.1.tlog
c:\users\levon\desktop\qsim\quantum_simulator\quantum_simulator\x64\debug\quantum_.225ee9d4.tlog\link.16856.read.2.tlog
c:\users\levon\desktop\qsim\quantum_simulator\quantum_simulator\x64\debug\quantum_.225ee9d4.tlog\link.16856.write.1.tlog
c:\users\levon\desktop\qsim\quantum_simulator\quantum_simulator\x64\debug\quantum_.225ee9d4.tlog\link.command.1.tlog
c:\users\levon\desktop\qsim\quantum_simulator\quantum_simulator\x64\debug\quantum_.225ee9d4.tlog\link.read.1.tlog
c:\users\levon\desktop\qsim\quantum_simulator\quantum_simulator\x64\debug\quantum_.225ee9d4.tlog\link.read.2.tlog
c:\users\levon\desktop\qsim\quantum_simulator\quantum_simulator\x64\debug\quantum_.225ee9d4.tlog\link.secondary.1.tlog
c:\users\levon\desktop\qsim\quantum_simulator\quantum_simulator\x64\debug\quantum_.225ee9d4.tlog\link.write.1.tlog
