  quantum_simulator.cpp
<<<<<<< HEAD
C:\Users\alext\source\repos\quantum_simulator\quantum_simulator\binary_adder.h(10,13): warning C4267: 'initializing': conversion from 'size_t' to 'int', possible loss of data
  (compiling source file 'quantum_simulator.cpp')
  
C:\Users\alext\source\repos\quantum_simulator\quantum_simulator\binary_adder.h(55,36): warning C4805: '^': unsafe mix of type 'int' and type 'bool' in operation
  (compiling source file 'quantum_simulator.cpp')
  
C:\Users\alext\source\repos\quantum_simulator\quantum_simulator\binary_adder.h(56,42): warning C4805: '&': unsafe mix of type 'bool' and type 'int' in operation
  (compiling source file 'quantum_simulator.cpp')
  
C:\Program Files\Microsoft Visual Studio\2022\Community\VC\Tools\MSVC\14.38.33130\include\numbers(11): warning STL4038: The contents of <numbers> are available only with C++20 or later.
C:\Users\alext\source\repos\quantum_simulator\quantum_simulator\matrix.h(31,69): warning C4267: 'initializing': conversion from 'size_t' to 'int', possible loss of data
  (compiling source file 'quantum_simulator.cpp')
  C:\Users\alext\source\repos\quantum_simulator\quantum_simulator\matrix.h(31,69):
  the template instantiation context (the oldest one first) is
  	C:\Users\alext\source\repos\quantum_simulator\quantum_simulator\quantum_simulator.cpp(13,25):
  	see reference to class template instantiation 'matrix<std::complex<double>>' being compiled
  	C:\Users\alext\source\repos\quantum_simulator\quantum_simulator\matrix.h(31,2):
  	while compiling class template member function 'matrix<std::complex<double>>::matrix(std::vector<std::vector<T,std::allocator<T>>,std::allocator<std::vector<T,std::allocator<T>>>>)'
          with
          [
              T=std::complex<double>
          ]
  		C:\Users\alext\source\repos\quantum_simulator\quantum_simulator\quantum_simulator.cpp(13,26):
  		see the first reference to 'matrix<std::complex<double>>::matrix' in 'void __cdecl `dynamic initializer for 'I''(void)'
  
C:\Users\alext\source\repos\quantum_simulator\quantum_simulator\matrix.h(31,89): warning C4267: 'initializing': conversion from 'size_t' to 'int', possible loss of data
  (compiling source file 'quantum_simulator.cpp')
  
  quantum_simulator.vcxproj -> C:\Users\alext\source\repos\quantum_simulator\x64\Debug\quantum_simulator.exe
=======
C:\Program Files\Microsoft Visual Studio\2022\Community\VC\Tools\MSVC\14.40.33807\include\numbers(11): warning STL4038: The contents of <numbers> are available only with C++20 or later.
C:\Users\levon\Desktop\qsim\quantum_simulator\quantum_simulator\matrix.h(31,69): warning C4267: 'initializing': conversion from 'size_t' to 'int', possible loss of data
C:\Users\levon\Desktop\qsim\quantum_simulator\quantum_simulator\matrix.h(31,89): warning C4267: 'initializing': conversion from 'size_t' to 'int', possible loss of data
  rational.cpp
  Generating Code...
  quantum_simulator.vcxproj -> C:\Users\levon\Desktop\qsim\quantum_simulator\x64\Debug\quantum_simulator.exe
>>>>>>> 103a4502ead048e2572fd6249601a8ebc2a55284
