  main.cpp
C:\Users\levon\Desktop\qsim\quantum_simulator\quantum_simulator\quantum_simulatorV2.h(117,50): warning C4267: 'initializing': conversion from 'size_t' to 'int', possible loss of data
C:\Users\levon\Desktop\qsim\quantum_simulator\quantum_simulator\quantum_simulatorV2.h(120,27): warning C4018: '<': signed/unsigned mismatch
C:\Users\levon\Desktop\qsim\quantum_simulator\quantum_simulator\quantum_simulatorV2.h(129,34): warning C4267: 'return': conversion from 'size_t' to 'int', possible loss of data
C:\Users\levon\Desktop\qsim\quantum_simulator\quantum_simulator\quantum_simulatorV2.h(306,23): warning C4244: 'initializing': conversion from '__int64' to 'int', possible loss of data
C:\Users\levon\Desktop\qsim\quantum_simulator\quantum_simulator\quantum_simulatorV2.h(528,15): warning C4267: 'argument': conversion from 'size_t' to 'int', possible loss of data
C:\Users\levon\Desktop\qsim\quantum_simulator\quantum_simulator\quantum_simulatorV2.h(531,27): warning C4267: 'argument': conversion from 'size_t' to 'int', possible loss of data
C:\Users\levon\Desktop\qsim\quantum_simulator\quantum_simulator\quantum_simulatorV2.h(531,24): warning C4267: 'argument': conversion from 'size_t' to 'int', possible loss of data
C:\Users\levon\Desktop\qsim\quantum_simulator\quantum_simulator\quantum_simulatorV2.h(545,27): warning C4267: 'argument': conversion from 'size_t' to 'int', possible loss of data
C:\Users\levon\Desktop\qsim\quantum_simulator\quantum_simulator\quantum_simulatorV2.h(545,24): warning C4267: 'argument': conversion from 'size_t' to 'int', possible loss of data
C:\Users\levon\Desktop\qsim\quantum_simulator\quantum_simulator\quantum_simulatorV2.h(547,15): warning C4267: 'argument': conversion from 'size_t' to 'int', possible loss of data
C:\Users\levon\Desktop\qsim\quantum_simulator\quantum_simulator\quantum_simulatorV2.h(816,40): warning C4334: '<<': result of 32-bit shift implicitly converted to 64 bits (was 64-bit shift intended?)
C:\Users\levon\Desktop\qsim\quantum_simulator\quantum_simulator\quantum_simulatorV2.h(994,11): warning C4267: 'initializing': conversion from 'size_t' to 'int', possible loss of data
C:\Users\levon\Desktop\qsim\quantum_simulator\quantum_simulator\quantum_simulatorV2.h(995,11): warning C4267: 'initializing': conversion from 'size_t' to 'int', possible loss of data
  Generating code
  64 of 460 functions (13.9%) were compiled, the rest were copied from previous compilation.
    0 functions were new in current compilation
    13 functions had inline decision re-evaluated but remain unchanged
  Finished generating code
  quantum_simulator.vcxproj -> C:\Users\levon\Desktop\qsim\quantum_simulator\x64\Release\quantum_simulator.exe
